<?xml version="1.0" encoding="UTF-8"?>
<testng-results skipped="0" failed="0" ignored="0" total="1" passed="1">
  <reporter-output>
  </reporter-output>
  <suite name="Default suite" duration-ms="6871" started-at="2022-02-23T19:59:40 CST" finished-at="2022-02-23T19:59:46 CST">
    <groups>
    </groups>
    <test name="Default test" duration-ms="6871" started-at="2022-02-23T19:59:40 CST" finished-at="2022-02-23T19:59:46 CST">
      <class name="test.AddCustomerTest">
        <test-method status="PASS" signature="validUserShouldBeAbleToCreateAccount()[pri:0, instance:test.AddCustomerTest@4116aac9]" name="validUserShouldBeAbleToCreateAccount" duration-ms="6847" started-at="2022-02-23T19:59:40 CST" finished-at="2022-02-23T19:59:46 CST">
          <reporter-output>
          </reporter-output>
        </test-method> <!-- validUserShouldBeAbleToCreateAccount -->
      </class> <!-- test.AddCustomerTest -->
    </test> <!-- Default test -->
  </suite> <!-- Default suite -->
</testng-results>
